# JRE version: Java(TM) SE Runtime Environment (8.0_45-b15) (build 1.8.0_45-b15)
# Java VM: Java HotSpot(TM) 64-Bit Server VM (25.45-b02 mixed mode windows-amd64 compressed oops)
Heap:
 PSYoungGen      total 179200K, used 142110K [0x00000000eab00000, 0x00000000f7580000, 0x0000000100000000)
  eden space 154112K, 92% used [0x00000000eab00000,0x00000000f35c7998,0x00000000f4180000)
  from space 25088K, 0% used [0x00000000f5b00000,0x00000000f5b00000,0x00000000f7380000)
  to   space 26112K, 0% used [0x00000000f4180000,0x00000000f4180000,0x00000000f5b00000)
 ParOldGen       total 99328K, used 43948K [0x00000000c0000000, 0x00000000c6100000, 0x00000000eab00000)
  object space 99328K, 44% used [0x00000000c0000000,0x00000000c2aeb360,0x00000000c6100000)
 Metaspace       used 50087K, capacity 52812K, committed 53120K, reserved 1095680K
  class space    used 6853K, capacity 7712K, committed 7808K, reserved 1048576K
GC Heap History (10 events):
Event: 21.253 GC heap before
{Heap before GC invocations=12 (full 2):
 PSYoungGen      total 134144K, used 133204K [0x00000000eab00000, 0x00000000f6c00000, 0x0000000100000000)
  eden space 117248K, 100% used [0x00000000eab00000,0x00000000f1d80000,0x00000000f1d80000)
  from space 16896K, 94% used [0x00000000f1d80000,0x00000000f2d15120,0x00000000f2e00000)
  to   space 18944K, 0% used [0x00000000f5980000,0x00000000f5980000,0x00000000f6c00000)
 ParOldGen       total 99328K, used 22652K [0x00000000c0000000, 0x00000000c6100000, 0x00000000eab00000)
  object space 99328K, 22% used [0x00000000c0000000,0x00000000c161f280,0x00000000c6100000)
 Metaspace       used 47065K, capacity 48896K, committed 49024K, reserved 1091584K
  class space    used 6530K, capacity 7252K, committed 7296K, reserved 1048576K
Event: 21.284 GC heap after
Heap after GC invocations=12 (full 2):
 PSYoungGen      total 174080K, used 18932K [0x00000000eab00000, 0x00000000f7080000, 0x0000000100000000)
  eden space 155136K, 0% used [0x00000000eab00000,0x00000000eab00000,0x00000000f4280000)
  from space 18944K, 99% used [0x00000000f5980000,0x00000000f6bfd2d8,0x00000000f6c00000)
  to   space 23552K, 0% used [0x00000000f4280000,0x00000000f4280000,0x00000000f5980000)
 ParOldGen       total 99328K, used 28116K [0x00000000c0000000, 0x00000000c6100000, 0x00000000eab00000)
  object space 99328K, 28% used [0x00000000c0000000,0x00000000c1b75170,0x00000000c6100000)
 Metaspace       used 47065K, capacity 48896K, committed 49024K, reserved 1091584K
  class space    used 6530K, capacity 7252K, committed 7296K, reserved 1048576K
}
Event: 22.139 GC heap before
{Heap before GC invocations=13 (full 2):
 PSYoungGen      total 174080K, used 42410K [0x00000000eab00000, 0x00000000f7080000, 0x0000000100000000)
  eden space 155136K, 15% used [0x00000000eab00000,0x00000000ec1ed598,0x00000000f4280000)
  from space 18944K, 99% used [0x00000000f5980000,0x00000000f6bfd2d8,0x00000000f6c00000)
  to   space 23552K, 0% used [0x00000000f4280000,0x00000000f4280000,0x00000000f5980000)
 ParOldGen       total 99328K, used 28116K [0x00000000c0000000, 0x00000000c6100000, 0x00000000eab00000)
  object space 99328K, 28% used [0x00000000c0000000,0x00000000c1b75170,0x00000000c6100000)
 Metaspace       used 48011K, capacity 49876K, committed 50176K, reserved 1091584K
  class space    used 6680K, capacity 7386K, committed 7424K, reserved 1048576K
Event: 22.165 GC heap after
Heap after GC invocations=13 (full 2):
 PSYoungGen      total 178688K, used 19822K [0x00000000eab00000, 0x00000000f7380000, 0x0000000100000000)
  eden space 155136K, 0% used [0x00000000eab00000,0x00000000eab00000,0x00000000f4280000)
  from space 23552K, 84% used [0x00000000f4280000,0x00000000f55dbbb8,0x00000000f5980000)
  to   space 25088K, 0% used [0x00000000f5b00000,0x00000000f5b00000,0x00000000f7380000)
 ParOldGen       total 99328K, used 28124K [0x00000000c0000000, 0x00000000c6100000, 0x00000000eab00000)
  object space 99328K, 28% used [0x00000000c0000000,0x00000000c1b77170,0x00000000c6100000)
 Metaspace       used 48011K, capacity 49876K, committed 50176K, reserved 1091584K
  class space    used 6680K, capacity 7386K, committed 7424K, reserved 1048576K
}
Event: 22.165 GC heap before
{Heap before GC invocations=14 (full 3):
 PSYoungGen      total 178688K, used 19822K [0x00000000eab00000, 0x00000000f7380000, 0x0000000100000000)
  eden space 155136K, 0% used [0x00000000eab00000,0x00000000eab00000,0x00000000f4280000)
  from space 23552K, 84% used [0x00000000f4280000,0x00000000f55dbbb8,0x00000000f5980000)
  to   space 25088K, 0% used [0x00000000f5b00000,0x00000000f5b00000,0x00000000f7380000)
 ParOldGen       total 99328K, used 28124K [0x00000000c0000000, 0x00000000c6100000, 0x00000000eab00000)
  object space 99328K, 28% used [0x00000000c0000000,0x00000000c1b77170,0x00000000c6100000)
 Metaspace       used 48011K, capacity 49876K, committed 50176K, reserved 1091584K
  class space    used 6680K, capacity 7386K, committed 7424K, reserved 1048576K
Event: 22.468 GC heap after
Heap after GC invocations=14 (full 3):
 PSYoungGen      total 178688K, used 0K [0x00000000eab00000, 0x00000000f7380000, 0x0000000100000000)
  eden space 155136K, 0% used [0x00000000eab00000,0x00000000eab00000,0x00000000f4280000)
  from space 23552K, 0% used [0x00000000f4280000,0x00000000f4280000,0x00000000f5980000)
  to   space 25088K, 0% used [0x00000000f5b00000,0x00000000f5b00000,0x00000000f7380000)
 ParOldGen       total 99328K, used 43425K [0x00000000c0000000, 0x00000000c6100000, 0x00000000eab00000)
  object space 99328K, 43% used [0x00000000c0000000,0x00000000c2a68440,0x00000000c6100000)
 Metaspace       used 48011K, capacity 49876K, committed 50176K, reserved 1091584K
  class space    used 6680K, capacity 7386K, committed 7424K, reserved 1048576K
}
Event: 303.369 GC heap before
{Heap before GC invocations=15 (full 3):
 PSYoungGen      total 178688K, used 108414K [0x00000000eab00000, 0x00000000f7380000, 0x0000000100000000)
  eden space 155136K, 69% used [0x00000000eab00000,0x00000000f14df970,0x00000000f4280000)
  from space 23552K, 0% used [0x00000000f4280000,0x00000000f4280000,0x00000000f5980000)
  to   space 25088K, 0% used [0x00000000f5b00000,0x00000000f5b00000,0x00000000f7380000)
 ParOldGen       total 99328K, used 43425K [0x00000000c0000000, 0x00000000c6100000, 0x00000000eab00000)
  object space 99328K, 43% used [0x00000000c0000000,0x00000000c2a68440,0x00000000c6100000)
 Metaspace       used 48768K, capacity 50986K, committed 51072K, reserved 1093632K
  class space    used 6739K, capacity 7500K, committed 7552K, reserved 1048576K
Event: 303.395 GC heap after
Heap after GC invocations=15 (full 3):
 PSYoungGen      total 179200K, used 1424K [0x00000000eab00000, 0x00000000f7580000, 0x0000000100000000)
  eden space 154112K, 0% used [0x00000000eab00000,0x00000000eab00000,0x00000000f4180000)
  from space 25088K, 5% used [0x00000000f5b00000,0x00000000f5c64010,0x00000000f7380000)
  to   space 26112K, 0% used [0x00000000f4180000,0x00000000f4180000,0x00000000f5b00000)
 ParOldGen       total 99328K, used 43433K [0x00000000c0000000, 0x00000000c6100000, 0x00000000eab00000)
  object space 99328K, 43% used [0x00000000c0000000,0x00000000c2a6a440,0x00000000c6100000)
 Metaspace       used 48768K, capacity 50986K, committed 51072K, reserved 1093632K
  class space    used 6739K, capacity 7500K, committed 7552K, reserved 1048576K
}
Event: 303.395 GC heap before
{Heap before GC invocations=16 (full 4):
 PSYoungGen      total 179200K, used 1424K [0x00000000eab00000, 0x00000000f7580000, 0x0000000100000000)
  eden space 154112K, 0% used [0x00000000eab00000,0x00000000eab00000,0x00000000f4180000)
  from space 25088K, 5% used [0x00000000f5b00000,0x00000000f5c64010,0x00000000f7380000)
  to   space 26112K, 0% used [0x00000000f4180000,0x00000000f4180000,0x00000000f5b00000)
 ParOldGen       total 99328K, used 43433K [0x00000000c0000000, 0x00000000c6100000, 0x00000000eab00000)
  object space 99328K, 43% used [0x00000000c0000000,0x00000000c2a6a440,0x00000000c6100000)
 Metaspace       used 48768K, capacity 50986K, committed 51072K, reserved 1093632K
  class space    used 6739K, capacity 7500K, committed 7552K, reserved 1048576K
Event: 303.858 GC heap after
Heap after GC invocations=16 (full 4):
 PSYoungGen      total 179200K, used 0K [0x00000000eab00000, 0x00000000f7580000, 0x0000000100000000)
  eden space 154112K, 0% used [0x00000000eab00000,0x00000000eab00000,0x00000000f4180000)
  from space 25088K, 0% used [0x00000000f5b00000,0x00000000f5b00000,0x00000000f7380000)
  to   space 26112K, 0% used [0x00000000f4180000,0x00000000f4180000,0x00000000f5b00000)
 ParOldGen       total 99328K, used 43948K [0x00000000c0000000, 0x00000000c6100000, 0x00000000eab00000)
  object space 99328K, 44% used [0x00000000c0000000,0x00000000c2aeb360,0x00000000c6100000)
 Metaspace       used 48768K, capacity 50986K, committed 51072K, reserved 1093632K
  class space    used 6739K, capacity 7500K, committed 7552K, reserved 1048576K
}

